[ 2018-05-28T16:54:27+08:00 ] 127.0.0.1 /item_info/index.php
INFO: [ app_init ] --START--
INFO: Run Behavior\BuildLiteBehavior [ RunTime:0.000006s ]
INFO: [ app_init ] --END-- [ RunTime:0.000318s ]
INFO: [ app_begin ] --START--
INFO: Run Behavior\ReadHtmlCacheBehavior [ RunTime:0.000422s ]
INFO: [ app_begin ] --END-- [ RunTime:0.000439s ]
INFO: [ view_parse ] --START--
INFO: [ template_filter ] --START--
INFO: Run Behavior\ContentReplaceBehavior [ RunTime:0.000058s ]
INFO: [ template_filter ] --END-- [ RunTime:0.000087s ]
INFO: Run Behavior\ParseTemplateBehavior [ RunTime:0.013384s ]
INFO: [ view_parse ] --END-- [ RunTime:0.013434s ]
INFO: [ view_filter ] --START--
INFO: Run Behavior\WriteHtmlCacheBehavior [ RunTime:0.000386s ]
INFO: [ view_filter ] --END-- [ RunTime:0.000410s ]
INFO: [ app_end ] --START--
INFO: Run Behavior\ShowPageTraceBehavior [ RunTime:0.000689s ]
INFO: [ app_end ] --END-- [ RunTime:0.000722s ]

[ 2018-05-28T16:54:28+08:00 ] 127.0.0.1 /item_info/index.php?s=Home/retent/retent_init
INFO: [ app_init ] --START--
INFO: Run Behavior\BuildLiteBehavior [ RunTime:0.000005s ]
INFO: [ app_init ] --END-- [ RunTime:0.000229s ]
INFO: [ app_begin ] --START--
INFO: Run Behavior\ReadHtmlCacheBehavior [ RunTime:0.000312s ]
INFO: [ app_begin ] --END-- [ RunTime:0.000329s ]

[ 2018-05-28T16:54:31+08:00 ] 127.0.0.1 /item_info/index.php?s=Home/retent/search_retent
INFO: [ app_init ] --START--
INFO: Run Behavior\BuildLiteBehavior [ RunTime:0.000004s ]
INFO: [ app_init ] --END-- [ RunTime:0.000212s ]
INFO: [ app_begin ] --START--
INFO: Run Behavior\ReadHtmlCacheBehavior [ RunTime:0.000412s ]
INFO: [ app_begin ] --END-- [ RunTime:0.000430s ]
ERR: SQLSTATE[HY000] [1045] Access denied for user 'root'@'localhost' (using password: YES)

[ 2018-05-28T16:54:33+08:00 ] 127.0.0.1 /item_info/index.php?s=Home/exhibit/exhibit_init
INFO: [ app_init ] --START--
INFO: Run Behavior\BuildLiteBehavior [ RunTime:0.000006s ]
INFO: [ app_init ] --END-- [ RunTime:0.000273s ]
INFO: [ app_begin ] --START--
INFO: Run Behavior\ReadHtmlCacheBehavior [ RunTime:0.000370s ]
INFO: [ app_begin ] --END-- [ RunTime:0.000401s ]

[ 2018-05-28T16:54:36+08:00 ] 127.0.0.1 /item_info/index.php?s=Home/exhibit/search_exhibit
INFO: [ app_init ] --START--
INFO: Run Behavior\BuildLiteBehavior [ RunTime:0.000005s ]
INFO: [ app_init ] --END-- [ RunTime:0.000240s ]
INFO: [ app_begin ] --START--
INFO: Run Behavior\ReadHtmlCacheBehavior [ RunTime:0.000303s ]
INFO: [ app_begin ] --END-- [ RunTime:0.000321s ]
ERR: SQLSTATE[HY000] [1045] Access denied for user 'root'@'localhost' (using password: YES)

[ 2018-05-28T16:54:37+08:00 ] 127.0.0.1 /item_info/index.php?s=Home/exhibit/search_exhibit
INFO: [ app_init ] --START--
INFO: Run Behavior\BuildLiteBehavior [ RunTime:0.000005s ]
INFO: [ app_init ] --END-- [ RunTime:0.000285s ]
INFO: [ app_begin ] --START--
INFO: Run Behavior\ReadHtmlCacheBehavior [ RunTime:0.000502s ]
INFO: [ app_begin ] --END-- [ RunTime:0.000539s ]
ERR: SQLSTATE[HY000] [1045] Access denied for user 'root'@'localhost' (using password: YES)

[ 2018-05-28T16:54:37+08:00 ] 127.0.0.1 /item_info/index.php?s=Home/exhibit/search_exhibit
INFO: [ app_init ] --START--
INFO: Run Behavior\BuildLiteBehavior [ RunTime:0.000006s ]
INFO: [ app_init ] --END-- [ RunTime:0.000287s ]
INFO: [ app_begin ] --START--
INFO: Run Behavior\ReadHtmlCacheBehavior [ RunTime:0.000391s ]
INFO: [ app_begin ] --END-- [ RunTime:0.000428s ]
ERR: SQLSTATE[HY000] [1045] Access denied for user 'root'@'localhost' (using password: YES)

[ 2018-05-28T16:54:38+08:00 ] 127.0.0.1 /item_info/index.php?s=Home/exhibit/value_init
INFO: [ app_init ] --START--
INFO: Run Behavior\BuildLiteBehavior [ RunTime:0.000005s ]
INFO: [ app_init ] --END-- [ RunTime:0.000282s ]
INFO: [ app_begin ] --START--
INFO: Run Behavior\ReadHtmlCacheBehavior [ RunTime:0.000317s ]
INFO: [ app_begin ] --END-- [ RunTime:0.000334s ]

[ 2018-05-28T16:54:39+08:00 ] 127.0.0.1 /item_info/index.php?s=Home/exhibit/exhibit_init
INFO: [ app_init ] --START--
INFO: Run Behavior\BuildLiteBehavior [ RunTime:0.000004s ]
INFO: [ app_init ] --END-- [ RunTime:0.000219s ]
INFO: [ app_begin ] --START--
INFO: Run Behavior\ReadHtmlCacheBehavior [ RunTime:0.000344s ]
INFO: [ app_begin ] --END-- [ RunTime:0.000362s ]

[ 2018-05-28T16:54:42+08:00 ] 127.0.0.1 /item_info/index.php?s=Home/exhibit/search_exhibit
INFO: [ app_init ] --START--
INFO: Run Behavior\BuildLiteBehavior [ RunTime:0.000004s ]
INFO: [ app_init ] --END-- [ RunTime:0.000215s ]
INFO: [ app_begin ] --START--
INFO: Run Behavior\ReadHtmlCacheBehavior [ RunTime:0.000297s ]
INFO: [ app_begin ] --END-- [ RunTime:0.000315s ]
ERR: SQLSTATE[HY000] [1045] Access denied for user 'root'@'localhost' (using password: YES)

[ 2018-05-28T16:54:42+08:00 ] 127.0.0.1 /item_info/index.php?s=Home/exhibit/search_exhibit
INFO: [ app_init ] --START--
INFO: Run Behavior\BuildLiteBehavior [ RunTime:0.000005s ]
INFO: [ app_init ] --END-- [ RunTime:0.000215s ]
INFO: [ app_begin ] --START--
INFO: Run Behavior\ReadHtmlCacheBehavior [ RunTime:0.000313s ]
INFO: [ app_begin ] --END-- [ RunTime:0.000349s ]
ERR: SQLSTATE[HY000] [1045] Access denied for user 'root'@'localhost' (using password: YES)

[ 2018-05-28T16:55:53+08:00 ] 127.0.0.1 /item_info/index.php?s=Home/exhibit/search_exhibit
INFO: [ app_init ] --START--
INFO: Run Behavior\BuildLiteBehavior [ RunTime:0.000006s ]
INFO: [ app_init ] --END-- [ RunTime:0.000294s ]
INFO: [ app_begin ] --START--
INFO: Run Behavior\ReadHtmlCacheBehavior [ RunTime:0.000435s ]
INFO: [ app_begin ] --END-- [ RunTime:0.000477s ]
SQL: SELECT `dzid`,`timeStamp`,`subDsp` FROM `item_exhibit_fee` WHERE ( feeCate=2 AND typeCate=6 AND  timeStamp >= 20180201 AND timeStamp <= 20180526 )  [ RunTime:0.0601s ]

[ 2018-05-28T16:56:11+08:00 ] 127.0.0.1 /item_info/index.php?s=Home/day/day_buy_init
INFO: [ app_init ] --START--
INFO: Run Behavior\BuildLiteBehavior [ RunTime:0.000004s ]
INFO: [ app_init ] --END-- [ RunTime:0.000211s ]
INFO: [ app_begin ] --START--
INFO: Run Behavior\ReadHtmlCacheBehavior [ RunTime:0.000297s ]
INFO: [ app_begin ] --END-- [ RunTime:0.000314s ]
ERR: 无法加载控制器:Day

[ 2018-05-28T16:56:12+08:00 ] 127.0.0.1 /item_info/index.php?s=Home/day/day_buy_init
INFO: [ app_init ] --START--
INFO: Run Behavior\BuildLiteBehavior [ RunTime:0.000005s ]
INFO: [ app_init ] --END-- [ RunTime:0.000408s ]
INFO: [ app_begin ] --START--
INFO: Run Behavior\ReadHtmlCacheBehavior [ RunTime:0.000329s ]
INFO: [ app_begin ] --END-- [ RunTime:0.000349s ]
ERR: 无法加载控制器:Day

[ 2018-05-28T16:56:12+08:00 ] 127.0.0.1 /item_info/index.php?s=Home/day/day_buy_init
INFO: [ app_init ] --START--
INFO: Run Behavior\BuildLiteBehavior [ RunTime:0.000004s ]
INFO: [ app_init ] --END-- [ RunTime:0.000204s ]
INFO: [ app_begin ] --START--
INFO: Run Behavior\ReadHtmlCacheBehavior [ RunTime:0.000287s ]
INFO: [ app_begin ] --END-- [ RunTime:0.000304s ]
ERR: 无法加载控制器:Day

[ 2018-05-28T16:56:12+08:00 ] 127.0.0.1 /item_info/index.php?s=Home/day/day_read_init
INFO: [ app_init ] --START--
INFO: Run Behavior\BuildLiteBehavior [ RunTime:0.000004s ]
INFO: [ app_init ] --END-- [ RunTime:0.000223s ]
INFO: [ app_begin ] --START--
INFO: Run Behavior\ReadHtmlCacheBehavior [ RunTime:0.000380s ]
INFO: [ app_begin ] --END-- [ RunTime:0.000416s ]
ERR: 无法加载控制器:Day

[ 2018-05-28T16:56:12+08:00 ] 127.0.0.1 /item_info/index.php?s=Home/day/day_read_init
INFO: [ app_init ] --START--
INFO: Run Behavior\BuildLiteBehavior [ RunTime:0.000005s ]
INFO: [ app_init ] --END-- [ RunTime:0.000289s ]
INFO: [ app_begin ] --START--
INFO: Run Behavior\ReadHtmlCacheBehavior [ RunTime:0.000372s ]
INFO: [ app_begin ] --END-- [ RunTime:0.000388s ]
ERR: 无法加载控制器:Day

[ 2018-05-28T16:56:14+08:00 ] 127.0.0.1 /item_info/index.php?s=Home/exhibit/exhibit_init
INFO: [ app_init ] --START--
INFO: Run Behavior\BuildLiteBehavior [ RunTime:0.000004s ]
INFO: [ app_init ] --END-- [ RunTime:0.000219s ]
INFO: [ app_begin ] --START--
INFO: Run Behavior\ReadHtmlCacheBehavior [ RunTime:0.000307s ]
INFO: [ app_begin ] --END-- [ RunTime:0.000324s ]

[ 2018-05-28T16:56:18+08:00 ] 127.0.0.1 /item_info/index.php?s=Home/exhibit/search_exhibit
INFO: [ app_init ] --START--
INFO: Run Behavior\BuildLiteBehavior [ RunTime:0.000005s ]
INFO: [ app_init ] --END-- [ RunTime:0.000254s ]
INFO: [ app_begin ] --START--
INFO: Run Behavior\ReadHtmlCacheBehavior [ RunTime:0.000681s ]
INFO: [ app_begin ] --END-- [ RunTime:0.000721s ]
SQL: SELECT `dzid`,`timeStamp`,`subDsp` FROM `item_exhibit_summary` WHERE ( typeCate=6 AND  timeStamp >= 20180201 AND timeStamp <= 20180526 )  [ RunTime:0.0018s ]

[ 2018-05-28T17:05:19+08:00 ] 127.0.0.1 /item_info/index.php
INFO: [ app_init ] --START--
INFO: Run Behavior\BuildLiteBehavior [ RunTime:0.000005s ]
INFO: [ app_init ] --END-- [ RunTime:0.000367s ]
INFO: [ app_begin ] --START--
INFO: Run Behavior\ReadHtmlCacheBehavior [ RunTime:0.000475s ]
INFO: [ app_begin ] --END-- [ RunTime:0.000492s ]
INFO: [ view_parse ] --START--
INFO: [ template_filter ] --START--
INFO: Run Behavior\ContentReplaceBehavior [ RunTime:0.000022s ]
INFO: [ template_filter ] --END-- [ RunTime:0.000045s ]
INFO: Run Behavior\ParseTemplateBehavior [ RunTime:0.006044s ]
INFO: [ view_parse ] --END-- [ RunTime:0.006074s ]
INFO: [ view_filter ] --START--
INFO: Run Behavior\WriteHtmlCacheBehavior [ RunTime:0.000263s ]
INFO: [ view_filter ] --END-- [ RunTime:0.000278s ]
INFO: [ app_end ] --START--
INFO: Run Behavior\ShowPageTraceBehavior [ RunTime:0.000534s ]
INFO: [ app_end ] --END-- [ RunTime:0.000550s ]

[ 2018-05-28T17:05:20+08:00 ] 127.0.0.1 /item_info/index.php?s=Home/retent/retent_init
INFO: [ app_init ] --START--
INFO: Run Behavior\BuildLiteBehavior [ RunTime:0.000005s ]
INFO: [ app_init ] --END-- [ RunTime:0.000312s ]
INFO: [ app_begin ] --START--
INFO: Run Behavior\ReadHtmlCacheBehavior [ RunTime:0.000478s ]
INFO: [ app_begin ] --END-- [ RunTime:0.000505s ]

[ 2018-05-28T17:05:23+08:00 ] 127.0.0.1 /item_info/index.php?s=Home/exhibit/exhibit_init
INFO: [ app_init ] --START--
INFO: Run Behavior\BuildLiteBehavior [ RunTime:0.000005s ]
INFO: [ app_init ] --END-- [ RunTime:0.000221s ]
INFO: [ app_begin ] --START--
INFO: Run Behavior\ReadHtmlCacheBehavior [ RunTime:0.000307s ]
INFO: [ app_begin ] --END-- [ RunTime:0.000324s ]

[ 2018-05-28T17:05:30+08:00 ] 127.0.0.1 /item_info/index.php?s=Home/exhibit/search_exhibit
INFO: [ app_init ] --START--
INFO: Run Behavior\BuildLiteBehavior [ RunTime:0.000005s ]
INFO: [ app_init ] --END-- [ RunTime:0.000217s ]
INFO: [ app_begin ] --START--
INFO: Run Behavior\ReadHtmlCacheBehavior [ RunTime:0.000295s ]
INFO: [ app_begin ] --END-- [ RunTime:0.000312s ]
SQL: SELECT `dzid`,`timeStamp`,`subDsp` FROM `item_exhibit_strategy` WHERE ( feeCate=2 AND strategyCate=13 AND typeCate=6 AND  timeStamp >= 20180201 AND timeStamp <= 20180526 )  [ RunTime:0.0613s ]

[ 2018-05-28T17:05:31+08:00 ] 127.0.0.1 /item_info/index.php?s=Home/exhibit/search_exhibit
INFO: [ app_init ] --START--
INFO: Run Behavior\BuildLiteBehavior [ RunTime:0.000004s ]
INFO: [ app_init ] --END-- [ RunTime:0.000212s ]
INFO: [ app_begin ] --START--
INFO: Run Behavior\ReadHtmlCacheBehavior [ RunTime:0.000385s ]
INFO: [ app_begin ] --END-- [ RunTime:0.000425s ]
SQL: SELECT `dzid`,`timeStamp`,`subDsp` FROM `item_exhibit_strategy` WHERE ( feeCate=2 AND strategyCate=13 AND typeCate=6 AND  timeStamp >= 20180201 AND timeStamp <= 20180526 )  [ RunTime:0.0075s ]

[ 2018-05-28T17:05:31+08:00 ] 127.0.0.1 /item_info/index.php?s=Home/exhibit/search_exhibit
INFO: [ app_init ] --START--
INFO: Run Behavior\BuildLiteBehavior [ RunTime:0.000005s ]
INFO: [ app_init ] --END-- [ RunTime:0.000265s ]
INFO: [ app_begin ] --START--
INFO: Run Behavior\ReadHtmlCacheBehavior [ RunTime:0.000583s ]
INFO: [ app_begin ] --END-- [ RunTime:0.000624s ]
SQL: SELECT `dzid`,`timeStamp`,`subDsp` FROM `item_exhibit_strategy` WHERE ( feeCate=2 AND strategyCate=13 AND typeCate=6 AND  timeStamp >= 20180201 AND timeStamp <= 20180526 )  [ RunTime:0.0054s ]

[ 2018-05-28T17:05:33+08:00 ] 127.0.0.1 /item_info/index.php?s=Home/exhibit/search_exhibit
INFO: [ app_init ] --START--
INFO: Run Behavior\BuildLiteBehavior [ RunTime:0.000007s ]
INFO: [ app_init ] --END-- [ RunTime:0.000330s ]
INFO: [ app_begin ] --START--
INFO: Run Behavior\ReadHtmlCacheBehavior [ RunTime:0.000504s ]
INFO: [ app_begin ] --END-- [ RunTime:0.000534s ]
SQL: SELECT `dzid`,`timeStamp`,`subDsp` FROM `item_exhibit_strategy` WHERE ( feeCate=2 AND strategyCate=2 AND typeCate=6 AND  timeStamp >= 20180201 AND timeStamp <= 20180526 )  [ RunTime:0.0083s ]
SQL: SELECT `dzid`,`timeStamp`,`subDsp` FROM `item_exhibit_strategy` WHERE ( feeCate=2 AND strategyCate=13 AND typeCate=6 AND  timeStamp >= 20180201 AND timeStamp <= 20180526 )  [ RunTime:0.0083s ]

[ 2018-05-28T17:07:24+08:00 ] 127.0.0.1 /item_info/index.php
INFO: [ app_init ] --START--
INFO: Run Behavior\BuildLiteBehavior [ RunTime:0.000005s ]
INFO: [ app_init ] --END-- [ RunTime:0.000248s ]
INFO: [ app_begin ] --START--
INFO: Run Behavior\ReadHtmlCacheBehavior [ RunTime:0.000416s ]
INFO: [ app_begin ] --END-- [ RunTime:0.000433s ]
INFO: [ view_parse ] --START--
INFO: [ template_filter ] --START--
INFO: Run Behavior\ContentReplaceBehavior [ RunTime:0.000019s ]
INFO: [ template_filter ] --END-- [ RunTime:0.000040s ]
INFO: Run Behavior\ParseTemplateBehavior [ RunTime:0.006312s ]
INFO: [ view_parse ] --END-- [ RunTime:0.006337s ]
INFO: [ view_filter ] --START--
INFO: Run Behavior\WriteHtmlCacheBehavior [ RunTime:0.000279s ]
INFO: [ view_filter ] --END-- [ RunTime:0.000295s ]
INFO: [ app_end ] --START--
INFO: Run Behavior\ShowPageTraceBehavior [ RunTime:0.000491s ]
INFO: [ app_end ] --END-- [ RunTime:0.000507s ]

[ 2018-05-28T17:07:24+08:00 ] 127.0.0.1 /item_info/index.php?s=Home/retent/retent_init
INFO: [ app_init ] --START--
INFO: Run Behavior\BuildLiteBehavior [ RunTime:0.000006s ]
INFO: [ app_init ] --END-- [ RunTime:0.000323s ]
INFO: [ app_begin ] --START--
INFO: Run Behavior\ReadHtmlCacheBehavior [ RunTime:0.000398s ]
INFO: [ app_begin ] --END-- [ RunTime:0.000416s ]

[ 2018-05-28T17:07:26+08:00 ] 127.0.0.1 /item_info/index.php?s=Home/exhibit/exhibit_init
INFO: [ app_init ] --START--
INFO: Run Behavior\BuildLiteBehavior [ RunTime:0.000004s ]
INFO: [ app_init ] --END-- [ RunTime:0.000209s ]
INFO: [ app_begin ] --START--
INFO: Run Behavior\ReadHtmlCacheBehavior [ RunTime:0.000328s ]
INFO: [ app_begin ] --END-- [ RunTime:0.000344s ]

[ 2018-05-28T17:07:31+08:00 ] 127.0.0.1 /item_info/index.php?s=Home/exhibit/search_exhibit
INFO: [ app_init ] --START--
INFO: Run Behavior\BuildLiteBehavior [ RunTime:0.000004s ]
INFO: [ app_init ] --END-- [ RunTime:0.000224s ]
INFO: [ app_begin ] --START--
INFO: Run Behavior\ReadHtmlCacheBehavior [ RunTime:0.000362s ]
INFO: [ app_begin ] --END-- [ RunTime:0.000380s ]
SQL: SELECT `dzid`,`timeStamp`,`subDsp` FROM `item_exhibit_strategy` WHERE ( feeCate=2 AND strategyCate=2 AND typeCate=6 AND  timeStamp >= 20180201 AND timeStamp <= 20180526 )  [ RunTime:0.0308s ]
SQL: SELECT `dzid`,`timeStamp`,`subDsp` FROM `item_exhibit_strategy` WHERE ( feeCate=2 AND strategyCate=13 AND typeCate=6 AND  timeStamp >= 20180201 AND timeStamp <= 20180526 )  [ RunTime:0.0059s ]

[ 2018-05-28T17:08:00+08:00 ] 127.0.0.1 /item_info/index.php?s=Home/exhibit/search_exhibit
INFO: [ app_init ] --START--
INFO: Run Behavior\BuildLiteBehavior [ RunTime:0.000005s ]
INFO: [ app_init ] --END-- [ RunTime:0.000224s ]
INFO: [ app_begin ] --START--
INFO: Run Behavior\ReadHtmlCacheBehavior [ RunTime:0.000733s ]
INFO: [ app_begin ] --END-- [ RunTime:0.000770s ]
SQL: SELECT `dzid`,`timeStamp`,`subDsp` FROM `item_exhibit_strategy` WHERE ( feeCate=2 AND strategyCate=2 AND typeCate=6 AND  timeStamp >= 20180201 AND timeStamp <= 20180526 )  [ RunTime:0.0074s ]
SQL: SELECT `dzid`,`timeStamp`,`subDsp` FROM `item_exhibit_strategy` WHERE ( feeCate=2 AND strategyCate=13 AND typeCate=6 AND  timeStamp >= 20180201 AND timeStamp <= 20180526 )  [ RunTime:0.0075s ]

[ 2018-05-28T17:38:03+08:00 ] 127.0.0.1 /item_info/index.php?s=Home/exhibit/search_exhibit
INFO: [ app_init ] --START--
INFO: Run Behavior\BuildLiteBehavior [ RunTime:0.000007s ]
INFO: [ app_init ] --END-- [ RunTime:0.000338s ]
INFO: [ app_begin ] --START--
INFO: Run Behavior\ReadHtmlCacheBehavior [ RunTime:0.000406s ]
INFO: [ app_begin ] --END-- [ RunTime:0.000425s ]
SQL: SELECT `dzid`,`timeStamp`,`subDsp` FROM `item_exhibit_strategy` WHERE ( feeCate=2 AND strategyCate=2 AND typeCate=6 AND  timeStamp >= 20180201 AND timeStamp <= 20180526 )  [ RunTime:0.0070s ]
SQL: SELECT `dzid`,`timeStamp`,`subDsp` FROM `item_exhibit_strategy` WHERE ( feeCate=2 AND strategyCate=13 AND typeCate=6 AND  timeStamp >= 20180201 AND timeStamp <= 20180526 )  [ RunTime:0.0069s ]

[ 2018-05-28T17:44:38+08:00 ] 127.0.0.1 /item_info/index.php
INFO: [ app_init ] --START--
INFO: Run Behavior\BuildLiteBehavior [ RunTime:0.000008s ]
INFO: [ app_init ] --END-- [ RunTime:0.000388s ]
INFO: [ app_begin ] --START--
INFO: Run Behavior\ReadHtmlCacheBehavior [ RunTime:0.000778s ]
INFO: [ app_begin ] --END-- [ RunTime:0.000823s ]
INFO: [ view_parse ] --START--
INFO: [ template_filter ] --START--
INFO: Run Behavior\ContentReplaceBehavior [ RunTime:0.000020s ]
INFO: [ template_filter ] --END-- [ RunTime:0.000039s ]
INFO: Run Behavior\ParseTemplateBehavior [ RunTime:0.012545s ]
INFO: [ view_parse ] --END-- [ RunTime:0.012578s ]
INFO: [ view_filter ] --START--
INFO: Run Behavior\WriteHtmlCacheBehavior [ RunTime:0.000267s ]
INFO: [ view_filter ] --END-- [ RunTime:0.000282s ]
INFO: [ app_end ] --START--
INFO: Run Behavior\ShowPageTraceBehavior [ RunTime:0.000493s ]
INFO: [ app_end ] --END-- [ RunTime:0.000511s ]

[ 2018-05-28T17:44:38+08:00 ] 127.0.0.1 /item_info/index.php?s=Home/retent/retent_init
INFO: [ app_init ] --START--
INFO: Run Behavior\BuildLiteBehavior [ RunTime:0.000005s ]
INFO: [ app_init ] --END-- [ RunTime:0.000220s ]
INFO: [ app_begin ] --START--
INFO: Run Behavior\ReadHtmlCacheBehavior [ RunTime:0.000303s ]
INFO: [ app_begin ] --END-- [ RunTime:0.000321s ]

[ 2018-05-28T17:44:39+08:00 ] 127.0.0.1 /item_info/index.php
INFO: [ app_init ] --START--
INFO: Run Behavior\BuildLiteBehavior [ RunTime:0.000005s ]
INFO: [ app_init ] --END-- [ RunTime:0.000220s ]
INFO: [ app_begin ] --START--
INFO: Run Behavior\ReadHtmlCacheBehavior [ RunTime:0.000308s ]
INFO: [ app_begin ] --END-- [ RunTime:0.000325s ]
INFO: [ view_parse ] --START--
INFO: [ template_filter ] --START--
INFO: Run Behavior\ContentReplaceBehavior [ RunTime:0.000019s ]
INFO: [ template_filter ] --END-- [ RunTime:0.000040s ]
INFO: Run Behavior\ParseTemplateBehavior [ RunTime:0.005310s ]
INFO: [ view_parse ] --END-- [ RunTime:0.005337s ]
INFO: [ view_filter ] --START--
INFO: Run Behavior\WriteHtmlCacheBehavior [ RunTime:0.000215s ]
INFO: [ view_filter ] --END-- [ RunTime:0.000229s ]
INFO: [ app_end ] --START--
INFO: Run Behavior\ShowPageTraceBehavior [ RunTime:0.000390s ]
INFO: [ app_end ] --END-- [ RunTime:0.000405s ]

[ 2018-05-28T17:44:39+08:00 ] 127.0.0.1 /item_info/index.php?s=Home/retent/retent_init
INFO: [ app_init ] --START--
INFO: Run Behavior\BuildLiteBehavior [ RunTime:0.000005s ]
INFO: [ app_init ] --END-- [ RunTime:0.000220s ]
INFO: [ app_begin ] --START--
INFO: Run Behavior\ReadHtmlCacheBehavior [ RunTime:0.000305s ]
INFO: [ app_begin ] --END-- [ RunTime:0.000321s ]

[ 2018-05-28T17:44:41+08:00 ] 127.0.0.1 /item_info/index.php?s=Home/exhibit/exhibit_init
INFO: [ app_init ] --START--
INFO: Run Behavior\BuildLiteBehavior [ RunTime:0.000005s ]
INFO: [ app_init ] --END-- [ RunTime:0.000216s ]
INFO: [ app_begin ] --START--
INFO: Run Behavior\ReadHtmlCacheBehavior [ RunTime:0.000309s ]
INFO: [ app_begin ] --END-- [ RunTime:0.000326s ]

[ 2018-05-28T17:48:56+08:00 ] 127.0.0.1 /item_info/index.php
INFO: [ app_init ] --START--
INFO: Run Behavior\BuildLiteBehavior [ RunTime:0.000011s ]
INFO: [ app_init ] --END-- [ RunTime:0.000414s ]
INFO: [ app_begin ] --START--
INFO: Run Behavior\ReadHtmlCacheBehavior [ RunTime:0.000498s ]
INFO: [ app_begin ] --END-- [ RunTime:0.000521s ]
INFO: [ view_parse ] --START--
INFO: [ template_filter ] --START--
INFO: Run Behavior\ContentReplaceBehavior [ RunTime:0.000020s ]
INFO: [ template_filter ] --END-- [ RunTime:0.000040s ]
INFO: Run Behavior\ParseTemplateBehavior [ RunTime:0.005775s ]
INFO: [ view_parse ] --END-- [ RunTime:0.005816s ]
INFO: [ view_filter ] --START--
INFO: Run Behavior\WriteHtmlCacheBehavior [ RunTime:0.000596s ]
INFO: [ view_filter ] --END-- [ RunTime:0.000646s ]
INFO: [ app_end ] --START--
INFO: Run Behavior\ShowPageTraceBehavior [ RunTime:0.000750s ]
INFO: [ app_end ] --END-- [ RunTime:0.000801s ]

[ 2018-05-28T17:48:57+08:00 ] 127.0.0.1 /item_info/index.php?s=Home/retent/retent_init
INFO: [ app_init ] --START--
INFO: Run Behavior\BuildLiteBehavior [ RunTime:0.000005s ]
INFO: [ app_init ] --END-- [ RunTime:0.000236s ]
INFO: [ app_begin ] --START--
INFO: Run Behavior\ReadHtmlCacheBehavior [ RunTime:0.000358s ]
INFO: [ app_begin ] --END-- [ RunTime:0.000375s ]

[ 2018-05-28T17:48:58+08:00 ] 127.0.0.1 /item_info/index.php?s=Home/exhibit/exhibit_init
INFO: [ app_init ] --START--
INFO: Run Behavior\BuildLiteBehavior [ RunTime:0.000005s ]
INFO: [ app_init ] --END-- [ RunTime:0.000234s ]
INFO: [ app_begin ] --START--
INFO: Run Behavior\ReadHtmlCacheBehavior [ RunTime:0.000353s ]
INFO: [ app_begin ] --END-- [ RunTime:0.000373s ]

[ 2018-05-28T17:49:04+08:00 ] 127.0.0.1 /item_info/index.php?s=Home/exhibit/search_exhibit
INFO: [ app_init ] --START--
INFO: Run Behavior\BuildLiteBehavior [ RunTime:0.000005s ]
INFO: [ app_init ] --END-- [ RunTime:0.000470s ]
INFO: [ app_begin ] --START--
INFO: Run Behavior\ReadHtmlCacheBehavior [ RunTime:0.000447s ]
INFO: [ app_begin ] --END-- [ RunTime:0.000473s ]
SQL: SELECT `dzid`,`timeStamp`,`subDsp` FROM `item_exhibit_strategy` WHERE ( feeCate=2 AND strategyCate=2 AND typeCate=6 AND  timeStamp >= 20180201 AND timeStamp <= 20180526 )  [ RunTime:0.0721s ]
SQL: SELECT `dzid`,`timeStamp`,`subDsp` FROM `item_exhibit_strategy` WHERE ( feeCate=2 AND strategyCate=13 AND typeCate=6 AND  timeStamp >= 20180201 AND timeStamp <= 20180526 )  [ RunTime:0.0054s ]

[ 2018-05-28T17:49:13+08:00 ] 127.0.0.1 /item_info/index.php?s=Home/exhibit/search_exhibit
INFO: [ app_init ] --START--
INFO: Run Behavior\BuildLiteBehavior [ RunTime:0.000004s ]
INFO: [ app_init ] --END-- [ RunTime:0.000213s ]
INFO: [ app_begin ] --START--
INFO: Run Behavior\ReadHtmlCacheBehavior [ RunTime:0.000294s ]
INFO: [ app_begin ] --END-- [ RunTime:0.000312s ]
SQL: SELECT `dzid`,`timeStamp`,`subDsp` FROM `item_exhibit_strategy` WHERE ( feeCate=2 AND strategyCate=13 AND typeCate=6 AND  timeStamp >= 20180201 AND timeStamp <= 20180526 )  [ RunTime:0.0064s ]

[ 2018-05-28T17:49:15+08:00 ] 127.0.0.1 /item_info/index.php?s=Home/exhibit/search_exhibit
INFO: [ app_init ] --START--
INFO: Run Behavior\BuildLiteBehavior [ RunTime:0.000011s ]
INFO: [ app_init ] --END-- [ RunTime:0.000331s ]
INFO: [ app_begin ] --START--
INFO: Run Behavior\ReadHtmlCacheBehavior [ RunTime:0.000423s ]
INFO: [ app_begin ] --END-- [ RunTime:0.000442s ]
SQL: SELECT `dzid`,`timeStamp`,`subDsp` FROM `item_exhibit_strategy` WHERE ( feeCate=2 AND strategyCate=13 AND typeCate=6 AND  timeStamp >= 20180201 AND timeStamp <= 20180526 )  [ RunTime:0.0067s ]

[ 2018-05-28T17:49:15+08:00 ] 127.0.0.1 /item_info/index.php?s=Home/exhibit/search_exhibit
INFO: [ app_init ] --START--
INFO: Run Behavior\BuildLiteBehavior [ RunTime:0.000004s ]
INFO: [ app_init ] --END-- [ RunTime:0.000215s ]
INFO: [ app_begin ] --START--
INFO: Run Behavior\ReadHtmlCacheBehavior [ RunTime:0.000295s ]
INFO: [ app_begin ] --END-- [ RunTime:0.000312s ]
SQL: SELECT `dzid`,`timeStamp`,`subDsp` FROM `item_exhibit_strategy` WHERE ( feeCate=2 AND strategyCate=13 AND typeCate=6 AND  timeStamp >= 20180201 AND timeStamp <= 20180526 )  [ RunTime:0.0076s ]

[ 2018-05-28T17:49:15+08:00 ] 127.0.0.1 /item_info/index.php?s=Home/exhibit/search_exhibit
INFO: [ app_init ] --START--
INFO: Run Behavior\BuildLiteBehavior [ RunTime:0.000005s ]
INFO: [ app_init ] --END-- [ RunTime:0.000217s ]
INFO: [ app_begin ] --START--
INFO: Run Behavior\ReadHtmlCacheBehavior [ RunTime:0.000293s ]
INFO: [ app_begin ] --END-- [ RunTime:0.000310s ]
SQL: SELECT `dzid`,`timeStamp`,`subDsp` FROM `item_exhibit_strategy` WHERE ( feeCate=2 AND strategyCate=13 AND typeCate=6 AND  timeStamp >= 20180201 AND timeStamp <= 20180526 )  [ RunTime:0.0068s ]

[ 2018-05-28T17:58:19+08:00 ] 127.0.0.1 /item_info/index.php?s=Home/exhibit/search_exhibit
INFO: [ app_init ] --START--
INFO: Run Behavior\BuildLiteBehavior [ RunTime:0.000005s ]
INFO: [ app_init ] --END-- [ RunTime:0.000260s ]
INFO: [ app_begin ] --START--
INFO: Run Behavior\ReadHtmlCacheBehavior [ RunTime:0.000392s ]
INFO: [ app_begin ] --END-- [ RunTime:0.000410s ]
SQL: SELECT `dzid`,`timeStamp`,`subDsp` FROM `item_exhibit_strategy` WHERE ( feeCate=2 AND strategyCate=13 AND typeCate=6 AND  timeStamp >= 20180201 AND timeStamp <= 20180526 )  [ RunTime:0.0071s ]

[ 2018-05-28T17:58:20+08:00 ] 127.0.0.1 /item_info/index.php?s=Home/exhibit/search_exhibit
INFO: [ app_init ] --START--
INFO: Run Behavior\BuildLiteBehavior [ RunTime:0.000005s ]
INFO: [ app_init ] --END-- [ RunTime:0.000245s ]
INFO: [ app_begin ] --START--
INFO: Run Behavior\ReadHtmlCacheBehavior [ RunTime:0.000318s ]
INFO: [ app_begin ] --END-- [ RunTime:0.000337s ]
SQL: SELECT `dzid`,`timeStamp`,`subDsp` FROM `item_exhibit_strategy` WHERE ( feeCate=2 AND strategyCate=13 AND typeCate=6 AND  timeStamp >= 20180201 AND timeStamp <= 20180526 )  [ RunTime:0.0073s ]

[ 2018-05-28T17:58:20+08:00 ] 127.0.0.1 /item_info/index.php?s=Home/exhibit/search_exhibit
INFO: [ app_init ] --START--
INFO: Run Behavior\BuildLiteBehavior [ RunTime:0.000005s ]
INFO: [ app_init ] --END-- [ RunTime:0.000212s ]
INFO: [ app_begin ] --START--
INFO: Run Behavior\ReadHtmlCacheBehavior [ RunTime:0.000296s ]
INFO: [ app_begin ] --END-- [ RunTime:0.000313s ]
SQL: SELECT `dzid`,`timeStamp`,`subDsp` FROM `item_exhibit_strategy` WHERE ( feeCate=2 AND strategyCate=13 AND typeCate=6 AND  timeStamp >= 20180201 AND timeStamp <= 20180526 )  [ RunTime:0.0066s ]

[ 2018-05-28T17:59:20+08:00 ] 127.0.0.1 /item_info/index.php?s=Home/exhibit/search_exhibit
INFO: [ app_init ] --START--
INFO: Run Behavior\BuildLiteBehavior [ RunTime:0.000004s ]
INFO: [ app_init ] --END-- [ RunTime:0.000213s ]
INFO: [ app_begin ] --START--
INFO: Run Behavior\ReadHtmlCacheBehavior [ RunTime:0.000505s ]
INFO: [ app_begin ] --END-- [ RunTime:0.000541s ]
SQL: SELECT `dzid`,`timeStamp`,`subDsp` FROM `item_exhibit_strategy` WHERE ( feeCate=2 AND strategyCate=13 AND typeCate=5 AND  timeStamp >= 20180201 AND timeStamp <= 20180526 )  [ RunTime:0.0066s ]

[ 2018-05-28T17:59:40+08:00 ] 127.0.0.1 /item_info/index.php?s=Home/exhibit/search_exhibit
INFO: [ app_init ] --START--
INFO: Run Behavior\BuildLiteBehavior [ RunTime:0.000004s ]
INFO: [ app_init ] --END-- [ RunTime:0.000212s ]
INFO: [ app_begin ] --START--
INFO: Run Behavior\ReadHtmlCacheBehavior [ RunTime:0.000297s ]
INFO: [ app_begin ] --END-- [ RunTime:0.000315s ]
SQL: SELECT `dzid`,`timeStamp`,`subDsp` FROM `item_exhibit_strategy` WHERE ( feeCate=2 AND strategyCate=13 AND typeCate=6 AND  timeStamp >= 20180201 AND timeStamp <= 20180526 )  [ RunTime:0.0069s ]
SQL: SELECT `dzid`,`timeStamp`,`subDsp` FROM `item_exhibit_strategy` WHERE ( feeCate=2 AND strategyCate=13 AND typeCate=13 AND  timeStamp >= 20180201 AND timeStamp <= 20180526 )  [ RunTime:0.0069s ]
SQL: SELECT `dzid`,`timeStamp`,`subDsp` FROM `item_exhibit_strategy` WHERE ( feeCate=2 AND strategyCate=13 AND typeCate=15 AND  timeStamp >= 20180201 AND timeStamp <= 20180526 )  [ RunTime:0.0058s ]
SQL: SELECT `dzid`,`timeStamp`,`subDsp` FROM `item_exhibit_strategy` WHERE ( feeCate=2 AND strategyCate=13 AND typeCate=14 AND  timeStamp >= 20180201 AND timeStamp <= 20180526 )  [ RunTime:0.0061s ]
SQL: SELECT `dzid`,`timeStamp`,`subDsp` FROM `item_exhibit_strategy` WHERE ( feeCate=2 AND strategyCate=13 AND typeCate=11 AND  timeStamp >= 20180201 AND timeStamp <= 20180526 )  [ RunTime:0.0060s ]
SQL: SELECT `dzid`,`timeStamp`,`subDsp` FROM `item_exhibit_strategy` WHERE ( feeCate=2 AND strategyCate=13 AND typeCate=9 AND  timeStamp >= 20180201 AND timeStamp <= 20180526 )  [ RunTime:0.0059s ]
SQL: SELECT `dzid`,`timeStamp`,`subDsp` FROM `item_exhibit_strategy` WHERE ( feeCate=2 AND strategyCate=13 AND typeCate=10 AND  timeStamp >= 20180201 AND timeStamp <= 20180526 )  [ RunTime:0.0082s ]
SQL: SELECT `dzid`,`timeStamp`,`subDsp` FROM `item_exhibit_strategy` WHERE ( feeCate=2 AND strategyCate=13 AND typeCate=4 AND  timeStamp >= 20180201 AND timeStamp <= 20180526 )  [ RunTime:0.0066s ]
SQL: SELECT `dzid`,`timeStamp`,`subDsp` FROM `item_exhibit_strategy` WHERE ( feeCate=2 AND strategyCate=13 AND typeCate=7 AND  timeStamp >= 20180201 AND timeStamp <= 20180526 )  [ RunTime:0.0069s ]
SQL: SELECT `dzid`,`timeStamp`,`subDsp` FROM `item_exhibit_strategy` WHERE ( feeCate=2 AND strategyCate=13 AND typeCate=3 AND  timeStamp >= 20180201 AND timeStamp <= 20180526 )  [ RunTime:0.0057s ]
SQL: SELECT `dzid`,`timeStamp`,`subDsp` FROM `item_exhibit_strategy` WHERE ( feeCate=2 AND strategyCate=13 AND typeCate=1 AND  timeStamp >= 20180201 AND timeStamp <= 20180526 )  [ RunTime:0.0066s ]
SQL: SELECT `dzid`,`timeStamp`,`subDsp` FROM `item_exhibit_strategy` WHERE ( feeCate=2 AND strategyCate=13 AND typeCate=5 AND  timeStamp >= 20180201 AND timeStamp <= 20180526 )  [ RunTime:0.0062s ]
SQL: SELECT `dzid`,`timeStamp`,`subDsp` FROM `item_exhibit_strategy` WHERE ( feeCate=2 AND strategyCate=13 AND typeCate=2 AND  timeStamp >= 20180201 AND timeStamp <= 20180526 )  [ RunTime:0.0065s ]
SQL: SELECT `dzid`,`timeStamp`,`subDsp` FROM `item_exhibit_strategy` WHERE ( feeCate=2 AND strategyCate=13 AND typeCate=12 AND  timeStamp >= 20180201 AND timeStamp <= 20180526 )  [ RunTime:0.0067s ]
SQL: SELECT `dzid`,`timeStamp`,`subDsp` FROM `item_exhibit_strategy` WHERE ( feeCate=2 AND strategyCate=13 AND typeCate=8 AND  timeStamp >= 20180201 AND timeStamp <= 20180526 )  [ RunTime:0.0066s ]
SQL: SELECT `dzid`,`timeStamp`,`subDsp` FROM `item_exhibit_strategy` WHERE ( feeCate=2 AND strategyCate=13 AND typeCate=16 AND  timeStamp >= 20180201 AND timeStamp <= 20180526 )  [ RunTime:0.0067s ]
SQL: SELECT `dzid`,`timeStamp`,`subDsp` FROM `item_exhibit_strategy` WHERE ( feeCate=2 AND strategyCate=13 AND typeCate=17 AND  timeStamp >= 20180201 AND timeStamp <= 20180526 )  [ RunTime:0.0057s ]

[ 2018-05-28T18:01:09+08:00 ] 127.0.0.1 /item_info/index.php
INFO: [ app_init ] --START--
INFO: Run Behavior\BuildLiteBehavior [ RunTime:0.000007s ]
INFO: [ app_init ] --END-- [ RunTime:0.000368s ]
INFO: [ app_begin ] --START--
INFO: Run Behavior\ReadHtmlCacheBehavior [ RunTime:0.000486s ]
INFO: [ app_begin ] --END-- [ RunTime:0.000506s ]
INFO: [ view_parse ] --START--
INFO: [ template_filter ] --START--
INFO: Run Behavior\ContentReplaceBehavior [ RunTime:0.000021s ]
INFO: [ template_filter ] --END-- [ RunTime:0.000043s ]
INFO: Run Behavior\ParseTemplateBehavior [ RunTime:0.006320s ]
INFO: [ view_parse ] --END-- [ RunTime:0.006375s ]
INFO: [ view_filter ] --START--
INFO: Run Behavior\WriteHtmlCacheBehavior [ RunTime:0.000298s ]
INFO: [ view_filter ] --END-- [ RunTime:0.000313s ]
INFO: [ app_end ] --START--
INFO: Run Behavior\ShowPageTraceBehavior [ RunTime:0.000400s ]
INFO: [ app_end ] --END-- [ RunTime:0.000414s ]

[ 2018-05-28T18:01:10+08:00 ] 127.0.0.1 /item_info/index.php?s=Home/retent/retent_init
INFO: [ app_init ] --START--
INFO: Run Behavior\BuildLiteBehavior [ RunTime:0.000005s ]
INFO: [ app_init ] --END-- [ RunTime:0.000277s ]
INFO: [ app_begin ] --START--
INFO: Run Behavior\ReadHtmlCacheBehavior [ RunTime:0.000311s ]
INFO: [ app_begin ] --END-- [ RunTime:0.000328s ]

[ 2018-05-28T18:01:11+08:00 ] 127.0.0.1 /item_info/index.php?s=Home/exhibit/exhibit_init
INFO: [ app_init ] --START--
INFO: Run Behavior\BuildLiteBehavior [ RunTime:0.000004s ]
INFO: [ app_init ] --END-- [ RunTime:0.000206s ]
INFO: [ app_begin ] --START--
INFO: Run Behavior\ReadHtmlCacheBehavior [ RunTime:0.000290s ]
INFO: [ app_begin ] --END-- [ RunTime:0.000305s ]

